Determining if the pthread_create exist failed with the following output:
Change Dir: /home/zach/Documents/15462/asst3_pathtracer/build/CMakeFiles/CMakeTmp

Run Build Command:"/usr/bin/gmake" "cmTC_f91a2/fast"
/usr/bin/gmake -f CMakeFiles/cmTC_f91a2.dir/build.make CMakeFiles/cmTC_f91a2.dir/build
gmake[1]: Entering directory '/media/Documents/15462/asst3_pathtracer/build/CMakeFiles/CMakeTmp'
Building C object CMakeFiles/cmTC_f91a2.dir/CheckSymbolExists.c.o
/usr/bin/cc    -o CMakeFiles/cmTC_f91a2.dir/CheckSymbolExists.c.o   -c /home/zach/Documents/15462/asst3_pathtracer/build/CMakeFiles/CMakeTmp/CheckSymbolExists.c
Linking C executable cmTC_f91a2
/usr/bin/cmake -E cmake_link_script CMakeFiles/cmTC_f91a2.dir/link.txt --verbose=1
/usr/bin/cc       CMakeFiles/cmTC_f91a2.dir/CheckSymbolExists.c.o  -o cmTC_f91a2 -rdynamic 
CMakeFiles/cmTC_f91a2.dir/CheckSymbolExists.c.o: In function `main':
CheckSymbolExists.c:(.text+0x16): undefined reference to `pthread_create'
collect2: error: ld returned 1 exit status
CMakeFiles/cmTC_f91a2.dir/build.make:97: recipe for target 'cmTC_f91a2' failed
gmake[1]: *** [cmTC_f91a2] Error 1
gmake[1]: Leaving directory '/media/Documents/15462/asst3_pathtracer/build/CMakeFiles/CMakeTmp'
Makefile:126: recipe for target 'cmTC_f91a2/fast' failed
gmake: *** [cmTC_f91a2/fast] Error 2

File /home/zach/Documents/15462/asst3_pathtracer/build/CMakeFiles/CMakeTmp/CheckSymbolExists.c:
/* */
#include <pthread.h>

int main(int argc, char** argv)
{
  (void)argv;
#ifndef pthread_create
  return ((int*)(&pthread_create))[argc];
#else
  (void)argc;
  return 0;
#endif
}

Determining if the function pthread_create exists in the pthreads failed with the following output:
Change Dir: /home/zach/Documents/15462/asst3_pathtracer/build/CMakeFiles/CMakeTmp

Run Build Command:"/usr/bin/gmake" "cmTC_171fb/fast"
/usr/bin/gmake -f CMakeFiles/cmTC_171fb.dir/build.make CMakeFiles/cmTC_171fb.dir/build
gmake[1]: Entering directory '/media/Documents/15462/asst3_pathtracer/build/CMakeFiles/CMakeTmp'
Building C object CMakeFiles/cmTC_171fb.dir/CheckFunctionExists.c.o
/usr/bin/cc   -DCHECK_FUNCTION_EXISTS=pthread_create   -o CMakeFiles/cmTC_171fb.dir/CheckFunctionExists.c.o   -c /usr/share/cmake/Modules/CheckFunctionExists.c
Linking C executable cmTC_171fb
/usr/bin/cmake -E cmake_link_script CMakeFiles/cmTC_171fb.dir/link.txt --verbose=1
/usr/bin/cc   -DCHECK_FUNCTION_EXISTS=pthread_create    CMakeFiles/cmTC_171fb.dir/CheckFunctionExists.c.o  -o cmTC_171fb -rdynamic -lpthreads 
/usr/bin/ld: cannot find -lpthreads
collect2: error: ld returned 1 exit status
CMakeFiles/cmTC_171fb.dir/build.make:97: recipe for target 'cmTC_171fb' failed
gmake[1]: *** [cmTC_171fb] Error 1
gmake[1]: Leaving directory '/media/Documents/15462/asst3_pathtracer/build/CMakeFiles/CMakeTmp'
Makefile:126: recipe for target 'cmTC_171fb/fast' failed
gmake: *** [cmTC_171fb/fast] Error 2


Determining if the function glXGetProcAddressEXT exists failed with the following output:
Change Dir: /home/zach/Documents/15462/asst3_pathtracer/build/CMakeFiles/CMakeTmp

Run Build Command:"/usr/bin/gmake" "cmTC_abf64/fast"
/usr/bin/gmake -f CMakeFiles/cmTC_abf64.dir/build.make CMakeFiles/cmTC_abf64.dir/build
gmake[1]: Entering directory '/media/Documents/15462/asst3_pathtracer/build/CMakeFiles/CMakeTmp'
Building C object CMakeFiles/cmTC_abf64.dir/CheckFunctionExists.c.o
/usr/bin/cc   -DCHECK_FUNCTION_EXISTS=glXGetProcAddressEXT   -o CMakeFiles/cmTC_abf64.dir/CheckFunctionExists.c.o   -c /usr/share/cmake/Modules/CheckFunctionExists.c
Linking C executable cmTC_abf64
/usr/bin/cmake -E cmake_link_script CMakeFiles/cmTC_abf64.dir/link.txt --verbose=1
/usr/bin/cc   -DCHECK_FUNCTION_EXISTS=glXGetProcAddressEXT    CMakeFiles/cmTC_abf64.dir/CheckFunctionExists.c.o  -o cmTC_abf64 -rdynamic /usr/lib64/libGL.so 
CMakeFiles/cmTC_abf64.dir/CheckFunctionExists.c.o: In function `main':
CheckFunctionExists.c:(.text+0x15): undefined reference to `glXGetProcAddressEXT'
collect2: error: ld returned 1 exit status
CMakeFiles/cmTC_abf64.dir/build.make:98: recipe for target 'cmTC_abf64' failed
gmake[1]: Leaving directory '/media/Documents/15462/asst3_pathtracer/build/CMakeFiles/CMakeTmp'
gmake[1]: *** [cmTC_abf64] Error 1
Makefile:126: recipe for target 'cmTC_abf64/fast' failed
gmake: *** [cmTC_abf64/fast] Error 2


