The system is: Linux - 4.1.7-200.fc22.x86_64 - x86_64
Compiling the C compiler identification source file "CMakeCCompilerId.c" succeeded.
Compiler: /usr/bin/cc 
Build flags: 
Id flags: 

The output was:
0


Compilation of the C compiler identification source "CMakeCCompilerId.c" produced "a.out"

The C compiler identification is GNU, found in "/home/zach/Documents/15462/asst3_pathtracer/build/CMakeFiles/3.3.1/CompilerIdC/a.out"

Compiling the CXX compiler identification source file "CMakeCXXCompilerId.cpp" succeeded.
Compiler: /usr/bin/c++ 
Build flags: 
Id flags: 

The output was:
0


Compilation of the CXX compiler identification source "CMakeCXXCompilerId.cpp" produced "a.out"

The CXX compiler identification is GNU, found in "/home/zach/Documents/15462/asst3_pathtracer/build/CMakeFiles/3.3.1/CompilerIdCXX/a.out"

Determining if the C compiler works passed with the following output:
Change Dir: /home/zach/Documents/15462/asst3_pathtracer/build/CMakeFiles/CMakeTmp

Run Build Command:"/usr/bin/gmake" "cmTC_0aafe/fast"
/usr/bin/gmake -f CMakeFiles/cmTC_0aafe.dir/build.make CMakeFiles/cmTC_0aafe.dir/build
gmake[1]: Entering directory '/media/Documents/15462/asst3_pathtracer/build/CMakeFiles/CMakeTmp'
Building C object CMakeFiles/cmTC_0aafe.dir/testCCompiler.c.o
/usr/bin/cc    -o CMakeFiles/cmTC_0aafe.dir/testCCompiler.c.o   -c /home/zach/Documents/15462/asst3_pathtracer/build/CMakeFiles/CMakeTmp/testCCompiler.c
Linking C executable cmTC_0aafe
/usr/bin/cmake -E cmake_link_script CMakeFiles/cmTC_0aafe.dir/link.txt --verbose=1
/usr/bin/cc       CMakeFiles/cmTC_0aafe.dir/testCCompiler.c.o  -o cmTC_0aafe -rdynamic 
gmake[1]: Leaving directory '/media/Documents/15462/asst3_pathtracer/build/CMakeFiles/CMakeTmp'


Detecting C compiler ABI info compiled with the following output:
Change Dir: /home/zach/Documents/15462/asst3_pathtracer/build/CMakeFiles/CMakeTmp

Run Build Command:"/usr/bin/gmake" "cmTC_b8519/fast"
/usr/bin/gmake -f CMakeFiles/cmTC_b8519.dir/build.make CMakeFiles/cmTC_b8519.dir/build
gmake[1]: Entering directory '/media/Documents/15462/asst3_pathtracer/build/CMakeFiles/CMakeTmp'
Building C object CMakeFiles/cmTC_b8519.dir/CMakeCCompilerABI.c.o
/usr/bin/cc    -o CMakeFiles/cmTC_b8519.dir/CMakeCCompilerABI.c.o   -c /usr/share/cmake/Modules/CMakeCCompilerABI.c
Linking C executable cmTC_b8519
/usr/bin/cmake -E cmake_link_script CMakeFiles/cmTC_b8519.dir/link.txt --verbose=1
/usr/bin/cc      -v CMakeFiles/cmTC_b8519.dir/CMakeCCompilerABI.c.o  -o cmTC_b8519 -rdynamic  
Using built-in specs.
COLLECT_GCC=/usr/bin/cc
COLLECT_LTO_WRAPPER=/usr/libexec/gcc/x86_64-redhat-linux/5.1.1/lto-wrapper
Target: x86_64-redhat-linux
Configured with: ../configure --enable-bootstrap --enable-languages=c,c++,objc,obj-c++,fortran,ada,go,lto --prefix=/usr --mandir=/usr/share/man --infodir=/usr/share/info --with-bugurl=http://bugzilla.redhat.com/bugzilla --enable-shared --enable-threads=posix --enable-checking=release --enable-multilib --with-system-zlib --enable-__cxa_atexit --disable-libunwind-exceptions --enable-gnu-unique-object --enable-linker-build-id --with-linker-hash-style=gnu --enable-plugin --enable-initfini-array --disable-libgcj --with-default-libstdcxx-abi=c++98 --with-isl --enable-libmpx --enable-gnu-indirect-function --with-tune=generic --with-arch_32=i686 --build=x86_64-redhat-linux
Thread model: posix
gcc version 5.1.1 20150618 (Red Hat 5.1.1-4) (GCC) 
COMPILER_PATH=/usr/libexec/gcc/x86_64-redhat-linux/5.1.1/:/usr/libexec/gcc/x86_64-redhat-linux/5.1.1/:/usr/libexec/gcc/x86_64-redhat-linux/:/usr/lib/gcc/x86_64-redhat-linux/5.1.1/:/usr/lib/gcc/x86_64-redhat-linux/
LIBRARY_PATH=/usr/lib/gcc/x86_64-redhat-linux/5.1.1/:/usr/lib/gcc/x86_64-redhat-linux/5.1.1/../../../../lib64/:/lib/../lib64/:/usr/lib/../lib64/:/usr/lib/gcc/x86_64-redhat-linux/5.1.1/../../../:/lib/:/usr/lib/
COLLECT_GCC_OPTIONS='-v' '-o' 'cmTC_b8519' '-rdynamic' '-mtune=generic' '-march=x86-64'
 /usr/libexec/gcc/x86_64-redhat-linux/5.1.1/collect2 -plugin /usr/libexec/gcc/x86_64-redhat-linux/5.1.1/liblto_plugin.so -plugin-opt=/usr/libexec/gcc/x86_64-redhat-linux/5.1.1/lto-wrapper -plugin-opt=-fresolution=/tmp/ccXmvD9V.res -plugin-opt=-pass-through=-lgcc -plugin-opt=-pass-through=-lgcc_s -plugin-opt=-pass-through=-lc -plugin-opt=-pass-through=-lgcc -plugin-opt=-pass-through=-lgcc_s --build-id --no-add-needed --eh-frame-hdr --hash-style=gnu -m elf_x86_64 -export-dynamic -dynamic-linker /lib64/ld-linux-x86-64.so.2 -o cmTC_b8519 /usr/lib/gcc/x86_64-redhat-linux/5.1.1/../../../../lib64/crt1.o /usr/lib/gcc/x86_64-redhat-linux/5.1.1/../../../../lib64/crti.o /usr/lib/gcc/x86_64-redhat-linux/5.1.1/crtbegin.o -L/usr/lib/gcc/x86_64-redhat-linux/5.1.1 -L/usr/lib/gcc/x86_64-redhat-linux/5.1.1/../../../../lib64 -L/lib/../lib64 -L/usr/lib/../lib64 -L/usr/lib/gcc/x86_64-redhat-linux/5.1.1/../../.. CMakeFiles/cmTC_b8519.dir/CMakeCCompilerABI.c.o -lgcc --as-needed -lgcc_s --no-as-needed -lc -lgcc --as-needed -lgcc_s --no-as-needed /usr/lib/gcc/x86_64-redhat-linux/5.1.1/crtend.o /usr/lib/gcc/x86_64-redhat-linux/5.1.1/../../../../lib64/crtn.o
gmake[1]: Leaving directory '/media/Documents/15462/asst3_pathtracer/build/CMakeFiles/CMakeTmp'


Parsed C implicit link information from above output:
  link line regex: [^( *|.*[/\])(ld|([^/\]+-)?ld|collect2)[^/\]*( |$)]
  ignore line: [Change Dir: /home/zach/Documents/15462/asst3_pathtracer/build/CMakeFiles/CMakeTmp]
  ignore line: []
  ignore line: [Run Build Command:"/usr/bin/gmake" "cmTC_b8519/fast"]
  ignore line: [/usr/bin/gmake -f CMakeFiles/cmTC_b8519.dir/build.make CMakeFiles/cmTC_b8519.dir/build]
  ignore line: [gmake[1]: Entering directory '/media/Documents/15462/asst3_pathtracer/build/CMakeFiles/CMakeTmp']
  ignore line: [Building C object CMakeFiles/cmTC_b8519.dir/CMakeCCompilerABI.c.o]
  ignore line: [/usr/bin/cc    -o CMakeFiles/cmTC_b8519.dir/CMakeCCompilerABI.c.o   -c /usr/share/cmake/Modules/CMakeCCompilerABI.c]
  ignore line: [Linking C executable cmTC_b8519]
  ignore line: [/usr/bin/cmake -E cmake_link_script CMakeFiles/cmTC_b8519.dir/link.txt --verbose=1]
  ignore line: [/usr/bin/cc      -v CMakeFiles/cmTC_b8519.dir/CMakeCCompilerABI.c.o  -o cmTC_b8519 -rdynamic  ]
  ignore line: [Using built-in specs.]
  ignore line: [COLLECT_GCC=/usr/bin/cc]
  ignore line: [COLLECT_LTO_WRAPPER=/usr/libexec/gcc/x86_64-redhat-linux/5.1.1/lto-wrapper]
  ignore line: [Target: x86_64-redhat-linux]
  ignore line: [Configured with: ../configure --enable-bootstrap --enable-languages=c,c++,objc,obj-c++,fortran,ada,go,lto --prefix=/usr --mandir=/usr/share/man --infodir=/usr/share/info --with-bugurl=http://bugzilla.redhat.com/bugzilla --enable-shared --enable-threads=posix --enable-checking=release --enable-multilib --with-system-zlib --enable-__cxa_atexit --disable-libunwind-exceptions --enable-gnu-unique-object --enable-linker-build-id --with-linker-hash-style=gnu --enable-plugin --enable-initfini-array --disable-libgcj --with-default-libstdcxx-abi=c++98 --with-isl --enable-libmpx --enable-gnu-indirect-function --with-tune=generic --with-arch_32=i686 --build=x86_64-redhat-linux]
  ignore line: [Thread model: posix]
  ignore line: [gcc version 5.1.1 20150618 (Red Hat 5.1.1-4) (GCC) ]
  ignore line: [COMPILER_PATH=/usr/libexec/gcc/x86_64-redhat-linux/5.1.1/:/usr/libexec/gcc/x86_64-redhat-linux/5.1.1/:/usr/libexec/gcc/x86_64-redhat-linux/:/usr/lib/gcc/x86_64-redhat-linux/5.1.1/:/usr/lib/gcc/x86_64-redhat-linux/]
  ignore line: [LIBRARY_PATH=/usr/lib/gcc/x86_64-redhat-linux/5.1.1/:/usr/lib/gcc/x86_64-redhat-linux/5.1.1/../../../../lib64/:/lib/../lib64/:/usr/lib/../lib64/:/usr/lib/gcc/x86_64-redhat-linux/5.1.1/../../../:/lib/:/usr/lib/]
  ignore line: [COLLECT_GCC_OPTIONS='-v' '-o' 'cmTC_b8519' '-rdynamic' '-mtune=generic' '-march=x86-64']
  link line: [ /usr/libexec/gcc/x86_64-redhat-linux/5.1.1/collect2 -plugin /usr/libexec/gcc/x86_64-redhat-linux/5.1.1/liblto_plugin.so -plugin-opt=/usr/libexec/gcc/x86_64-redhat-linux/5.1.1/lto-wrapper -plugin-opt=-fresolution=/tmp/ccXmvD9V.res -plugin-opt=-pass-through=-lgcc -plugin-opt=-pass-through=-lgcc_s -plugin-opt=-pass-through=-lc -plugin-opt=-pass-through=-lgcc -plugin-opt=-pass-through=-lgcc_s --build-id --no-add-needed --eh-frame-hdr --hash-style=gnu -m elf_x86_64 -export-dynamic -dynamic-linker /lib64/ld-linux-x86-64.so.2 -o cmTC_b8519 /usr/lib/gcc/x86_64-redhat-linux/5.1.1/../../../../lib64/crt1.o /usr/lib/gcc/x86_64-redhat-linux/5.1.1/../../../../lib64/crti.o /usr/lib/gcc/x86_64-redhat-linux/5.1.1/crtbegin.o -L/usr/lib/gcc/x86_64-redhat-linux/5.1.1 -L/usr/lib/gcc/x86_64-redhat-linux/5.1.1/../../../../lib64 -L/lib/../lib64 -L/usr/lib/../lib64 -L/usr/lib/gcc/x86_64-redhat-linux/5.1.1/../../.. CMakeFiles/cmTC_b8519.dir/CMakeCCompilerABI.c.o -lgcc --as-needed -lgcc_s --no-as-needed -lc -lgcc --as-needed -lgcc_s --no-as-needed /usr/lib/gcc/x86_64-redhat-linux/5.1.1/crtend.o /usr/lib/gcc/x86_64-redhat-linux/5.1.1/../../../../lib64/crtn.o]
    arg [/usr/libexec/gcc/x86_64-redhat-linux/5.1.1/collect2] ==> ignore
    arg [-plugin] ==> ignore
    arg [/usr/libexec/gcc/x86_64-redhat-linux/5.1.1/liblto_plugin.so] ==> ignore
    arg [-plugin-opt=/usr/libexec/gcc/x86_64-redhat-linux/5.1.1/lto-wrapper] ==> ignore
    arg [-plugin-opt=-fresolution=/tmp/ccXmvD9V.res] ==> ignore
    arg [-plugin-opt=-pass-through=-lgcc] ==> ignore
    arg [-plugin-opt=-pass-through=-lgcc_s] ==> ignore
    arg [-plugin-opt=-pass-through=-lc] ==> ignore
    arg [-plugin-opt=-pass-through=-lgcc] ==> ignore
    arg [-plugin-opt=-pass-through=-lgcc_s] ==> ignore
    arg [--build-id] ==> ignore
    arg [--no-add-needed] ==> ignore
    arg [--eh-frame-hdr] ==> ignore
    arg [--hash-style=gnu] ==> ignore
    arg [-m] ==> ignore
    arg [elf_x86_64] ==> ignore
    arg [-export-dynamic] ==> ignore
    arg [-dynamic-linker] ==> ignore
    arg [/lib64/ld-linux-x86-64.so.2] ==> ignore
    arg [-o] ==> ignore
    arg [cmTC_b8519] ==> ignore
    arg [/usr/lib/gcc/x86_64-redhat-linux/5.1.1/../../../../lib64/crt1.o] ==> ignore
    arg [/usr/lib/gcc/x86_64-redhat-linux/5.1.1/../../../../lib64/crti.o] ==> ignore
    arg [/usr/lib/gcc/x86_64-redhat-linux/5.1.1/crtbegin.o] ==> ignore
    arg [-L/usr/lib/gcc/x86_64-redhat-linux/5.1.1] ==> dir [/usr/lib/gcc/x86_64-redhat-linux/5.1.1]
    arg [-L/usr/lib/gcc/x86_64-redhat-linux/5.1.1/../../../../lib64] ==> dir [/usr/lib/gcc/x86_64-redhat-linux/5.1.1/../../../../lib64]
    arg [-L/lib/../lib64] ==> dir [/lib/../lib64]
    arg [-L/usr/lib/../lib64] ==> dir [/usr/lib/../lib64]
    arg [-L/usr/lib/gcc/x86_64-redhat-linux/5.1.1/../../..] ==> dir [/usr/lib/gcc/x86_64-redhat-linux/5.1.1/../../..]
    arg [CMakeFiles/cmTC_b8519.dir/CMakeCCompilerABI.c.o] ==> ignore
    arg [-lgcc] ==> lib [gcc]
    arg [--as-needed] ==> ignore
    arg [-lgcc_s] ==> lib [gcc_s]
    arg [--no-as-needed] ==> ignore
    arg [-lc] ==> lib [c]
    arg [-lgcc] ==> lib [gcc]
    arg [--as-needed] ==> ignore
    arg [-lgcc_s] ==> lib [gcc_s]
    arg [--no-as-needed] ==> ignore
    arg [/usr/lib/gcc/x86_64-redhat-linux/5.1.1/crtend.o] ==> ignore
    arg [/usr/lib/gcc/x86_64-redhat-linux/5.1.1/../../../../lib64/crtn.o] ==> ignore
  remove lib [gcc]
  remove lib [gcc_s]
  remove lib [gcc]
  remove lib [gcc_s]
  collapse library dir [/usr/lib/gcc/x86_64-redhat-linux/5.1.1] ==> [/usr/lib/gcc/x86_64-redhat-linux/5.1.1]
  collapse library dir [/usr/lib/gcc/x86_64-redhat-linux/5.1.1/../../../../lib64] ==> [/usr/lib64]
  collapse library dir [/lib/../lib64] ==> [/lib64]
  collapse library dir [/usr/lib/../lib64] ==> [/usr/lib64]
  collapse library dir [/usr/lib/gcc/x86_64-redhat-linux/5.1.1/../../..] ==> [/usr/lib]
  implicit libs: [c]
  implicit dirs: [/usr/lib/gcc/x86_64-redhat-linux/5.1.1;/usr/lib64;/lib64;/usr/lib]
  implicit fwks: []




Detecting C [-std=c11] compiler features compiled with the following output:
Change Dir: /home/zach/Documents/15462/asst3_pathtracer/build/CMakeFiles/CMakeTmp

Run Build Command:"/usr/bin/gmake" "cmTC_dd208/fast"
/usr/bin/gmake -f CMakeFiles/cmTC_dd208.dir/build.make CMakeFiles/cmTC_dd208.dir/build
gmake[1]: Entering directory '/media/Documents/15462/asst3_pathtracer/build/CMakeFiles/CMakeTmp'
Building C object CMakeFiles/cmTC_dd208.dir/feature_tests.c.o
/usr/bin/cc   -std=c11 -o CMakeFiles/cmTC_dd208.dir/feature_tests.c.o   -c /home/zach/Documents/15462/asst3_pathtracer/build/CMakeFiles/feature_tests.c
Linking C executable cmTC_dd208
/usr/bin/cmake -E cmake_link_script CMakeFiles/cmTC_dd208.dir/link.txt --verbose=1
/usr/bin/cc       CMakeFiles/cmTC_dd208.dir/feature_tests.c.o  -o cmTC_dd208 -rdynamic 
gmake[1]: Leaving directory '/media/Documents/15462/asst3_pathtracer/build/CMakeFiles/CMakeTmp'


    Feature record: C_FEATURE:1c_function_prototypes
    Feature record: C_FEATURE:1c_restrict
    Feature record: C_FEATURE:1c_static_assert
    Feature record: C_FEATURE:1c_variadic_macros


Detecting C [-std=c99] compiler features compiled with the following output:
Change Dir: /home/zach/Documents/15462/asst3_pathtracer/build/CMakeFiles/CMakeTmp

Run Build Command:"/usr/bin/gmake" "cmTC_99098/fast"
/usr/bin/gmake -f CMakeFiles/cmTC_99098.dir/build.make CMakeFiles/cmTC_99098.dir/build
gmake[1]: Entering directory '/media/Documents/15462/asst3_pathtracer/build/CMakeFiles/CMakeTmp'
Building C object CMakeFiles/cmTC_99098.dir/feature_tests.c.o
/usr/bin/cc   -std=c99 -o CMakeFiles/cmTC_99098.dir/feature_tests.c.o   -c /home/zach/Documents/15462/asst3_pathtracer/build/CMakeFiles/feature_tests.c
Linking C executable cmTC_99098
/usr/bin/cmake -E cmake_link_script CMakeFiles/cmTC_99098.dir/link.txt --verbose=1
/usr/bin/cc       CMakeFiles/cmTC_99098.dir/feature_tests.c.o  -o cmTC_99098 -rdynamic 
gmake[1]: Leaving directory '/media/Documents/15462/asst3_pathtracer/build/CMakeFiles/CMakeTmp'


    Feature record: C_FEATURE:1c_function_prototypes
    Feature record: C_FEATURE:1c_restrict
    Feature record: C_FEATURE:0c_static_assert
    Feature record: C_FEATURE:1c_variadic_macros


Detecting C [-std=c90] compiler features compiled with the following output:
Change Dir: /home/zach/Documents/15462/asst3_pathtracer/build/CMakeFiles/CMakeTmp

Run Build Command:"/usr/bin/gmake" "cmTC_2b903/fast"
/usr/bin/gmake -f CMakeFiles/cmTC_2b903.dir/build.make CMakeFiles/cmTC_2b903.dir/build
gmake[1]: Entering directory '/media/Documents/15462/asst3_pathtracer/build/CMakeFiles/CMakeTmp'
Building C object CMakeFiles/cmTC_2b903.dir/feature_tests.c.o
/usr/bin/cc   -std=c90 -o CMakeFiles/cmTC_2b903.dir/feature_tests.c.o   -c /home/zach/Documents/15462/asst3_pathtracer/build/CMakeFiles/feature_tests.c
Linking C executable cmTC_2b903
/usr/bin/cmake -E cmake_link_script CMakeFiles/cmTC_2b903.dir/link.txt --verbose=1
/usr/bin/cc       CMakeFiles/cmTC_2b903.dir/feature_tests.c.o  -o cmTC_2b903 -rdynamic 
gmake[1]: Leaving directory '/media/Documents/15462/asst3_pathtracer/build/CMakeFiles/CMakeTmp'


    Feature record: C_FEATURE:1c_function_prototypes
    Feature record: C_FEATURE:0c_restrict
    Feature record: C_FEATURE:0c_static_assert
    Feature record: C_FEATURE:0c_variadic_macros
Determining if the CXX compiler works passed with the following output:
Change Dir: /home/zach/Documents/15462/asst3_pathtracer/build/CMakeFiles/CMakeTmp

Run Build Command:"/usr/bin/gmake" "cmTC_8ea97/fast"
/usr/bin/gmake -f CMakeFiles/cmTC_8ea97.dir/build.make CMakeFiles/cmTC_8ea97.dir/build
gmake[1]: Entering directory '/media/Documents/15462/asst3_pathtracer/build/CMakeFiles/CMakeTmp'
Building CXX object CMakeFiles/cmTC_8ea97.dir/testCXXCompiler.cxx.o
/usr/bin/c++     -o CMakeFiles/cmTC_8ea97.dir/testCXXCompiler.cxx.o -c /home/zach/Documents/15462/asst3_pathtracer/build/CMakeFiles/CMakeTmp/testCXXCompiler.cxx
Linking CXX executable cmTC_8ea97
/usr/bin/cmake -E cmake_link_script CMakeFiles/cmTC_8ea97.dir/link.txt --verbose=1
/usr/bin/c++        CMakeFiles/cmTC_8ea97.dir/testCXXCompiler.cxx.o  -o cmTC_8ea97 -rdynamic 
gmake[1]: Leaving directory '/media/Documents/15462/asst3_pathtracer/build/CMakeFiles/CMakeTmp'


Detecting CXX compiler ABI info compiled with the following output:
Change Dir: /home/zach/Documents/15462/asst3_pathtracer/build/CMakeFiles/CMakeTmp

Run Build Command:"/usr/bin/gmake" "cmTC_9f3dc/fast"
/usr/bin/gmake -f CMakeFiles/cmTC_9f3dc.dir/build.make CMakeFiles/cmTC_9f3dc.dir/build
gmake[1]: Entering directory '/media/Documents/15462/asst3_pathtracer/build/CMakeFiles/CMakeTmp'
Building CXX object CMakeFiles/cmTC_9f3dc.dir/CMakeCXXCompilerABI.cpp.o
/usr/bin/c++     -o CMakeFiles/cmTC_9f3dc.dir/CMakeCXXCompilerABI.cpp.o -c /usr/share/cmake/Modules/CMakeCXXCompilerABI.cpp
Linking CXX executable cmTC_9f3dc
/usr/bin/cmake -E cmake_link_script CMakeFiles/cmTC_9f3dc.dir/link.txt --verbose=1
/usr/bin/c++       -v CMakeFiles/cmTC_9f3dc.dir/CMakeCXXCompilerABI.cpp.o  -o cmTC_9f3dc -rdynamic  
Using built-in specs.
COLLECT_GCC=/usr/bin/c++
COLLECT_LTO_WRAPPER=/usr/libexec/gcc/x86_64-redhat-linux/5.1.1/lto-wrapper
Target: x86_64-redhat-linux
Configured with: ../configure --enable-bootstrap --enable-languages=c,c++,objc,obj-c++,fortran,ada,go,lto --prefix=/usr --mandir=/usr/share/man --infodir=/usr/share/info --with-bugurl=http://bugzilla.redhat.com/bugzilla --enable-shared --enable-threads=posix --enable-checking=release --enable-multilib --with-system-zlib --enable-__cxa_atexit --disable-libunwind-exceptions --enable-gnu-unique-object --enable-linker-build-id --with-linker-hash-style=gnu --enable-plugin --enable-initfini-array --disable-libgcj --with-default-libstdcxx-abi=c++98 --with-isl --enable-libmpx --enable-gnu-indirect-function --with-tune=generic --with-arch_32=i686 --build=x86_64-redhat-linux
Thread model: posix
gcc version 5.1.1 20150618 (Red Hat 5.1.1-4) (GCC) 
COMPILER_PATH=/usr/libexec/gcc/x86_64-redhat-linux/5.1.1/:/usr/libexec/gcc/x86_64-redhat-linux/5.1.1/:/usr/libexec/gcc/x86_64-redhat-linux/:/usr/lib/gcc/x86_64-redhat-linux/5.1.1/:/usr/lib/gcc/x86_64-redhat-linux/
LIBRARY_PATH=/usr/lib/gcc/x86_64-redhat-linux/5.1.1/:/usr/lib/gcc/x86_64-redhat-linux/5.1.1/../../../../lib64/:/lib/../lib64/:/usr/lib/../lib64/:/usr/lib/gcc/x86_64-redhat-linux/5.1.1/../../../:/lib/:/usr/lib/
COLLECT_GCC_OPTIONS='-v' '-o' 'cmTC_9f3dc' '-rdynamic' '-shared-libgcc' '-mtune=generic' '-march=x86-64'
 /usr/libexec/gcc/x86_64-redhat-linux/5.1.1/collect2 -plugin /usr/libexec/gcc/x86_64-redhat-linux/5.1.1/liblto_plugin.so -plugin-opt=/usr/libexec/gcc/x86_64-redhat-linux/5.1.1/lto-wrapper -plugin-opt=-fresolution=/tmp/ccGLGeEh.res -plugin-opt=-pass-through=-lgcc_s -plugin-opt=-pass-through=-lgcc -plugin-opt=-pass-through=-lc -plugin-opt=-pass-through=-lgcc_s -plugin-opt=-pass-through=-lgcc --build-id --no-add-needed --eh-frame-hdr --hash-style=gnu -m elf_x86_64 -export-dynamic -dynamic-linker /lib64/ld-linux-x86-64.so.2 -o cmTC_9f3dc /usr/lib/gcc/x86_64-redhat-linux/5.1.1/../../../../lib64/crt1.o /usr/lib/gcc/x86_64-redhat-linux/5.1.1/../../../../lib64/crti.o /usr/lib/gcc/x86_64-redhat-linux/5.1.1/crtbegin.o -L/usr/lib/gcc/x86_64-redhat-linux/5.1.1 -L/usr/lib/gcc/x86_64-redhat-linux/5.1.1/../../../../lib64 -L/lib/../lib64 -L/usr/lib/../lib64 -L/usr/lib/gcc/x86_64-redhat-linux/5.1.1/../../.. CMakeFiles/cmTC_9f3dc.dir/CMakeCXXCompilerABI.cpp.o -lstdc++ -lm -lgcc_s -lgcc -lc -lgcc_s -lgcc /usr/lib/gcc/x86_64-redhat-linux/5.1.1/crtend.o /usr/lib/gcc/x86_64-redhat-linux/5.1.1/../../../../lib64/crtn.o
gmake[1]: Leaving directory '/media/Documents/15462/asst3_pathtracer/build/CMakeFiles/CMakeTmp'


Parsed CXX implicit link information from above output:
  link line regex: [^( *|.*[/\])(ld|([^/\]+-)?ld|collect2)[^/\]*( |$)]
  ignore line: [Change Dir: /home/zach/Documents/15462/asst3_pathtracer/build/CMakeFiles/CMakeTmp]
  ignore line: []
  ignore line: [Run Build Command:"/usr/bin/gmake" "cmTC_9f3dc/fast"]
  ignore line: [/usr/bin/gmake -f CMakeFiles/cmTC_9f3dc.dir/build.make CMakeFiles/cmTC_9f3dc.dir/build]
  ignore line: [gmake[1]: Entering directory '/media/Documents/15462/asst3_pathtracer/build/CMakeFiles/CMakeTmp']
  ignore line: [Building CXX object CMakeFiles/cmTC_9f3dc.dir/CMakeCXXCompilerABI.cpp.o]
  ignore line: [/usr/bin/c++     -o CMakeFiles/cmTC_9f3dc.dir/CMakeCXXCompilerABI.cpp.o -c /usr/share/cmake/Modules/CMakeCXXCompilerABI.cpp]
  ignore line: [Linking CXX executable cmTC_9f3dc]
  ignore line: [/usr/bin/cmake -E cmake_link_script CMakeFiles/cmTC_9f3dc.dir/link.txt --verbose=1]
  ignore line: [/usr/bin/c++       -v CMakeFiles/cmTC_9f3dc.dir/CMakeCXXCompilerABI.cpp.o  -o cmTC_9f3dc -rdynamic  ]
  ignore line: [Using built-in specs.]
  ignore line: [COLLECT_GCC=/usr/bin/c++]
  ignore line: [COLLECT_LTO_WRAPPER=/usr/libexec/gcc/x86_64-redhat-linux/5.1.1/lto-wrapper]
  ignore line: [Target: x86_64-redhat-linux]
  ignore line: [Configured with: ../configure --enable-bootstrap --enable-languages=c,c++,objc,obj-c++,fortran,ada,go,lto --prefix=/usr --mandir=/usr/share/man --infodir=/usr/share/info --with-bugurl=http://bugzilla.redhat.com/bugzilla --enable-shared --enable-threads=posix --enable-checking=release --enable-multilib --with-system-zlib --enable-__cxa_atexit --disable-libunwind-exceptions --enable-gnu-unique-object --enable-linker-build-id --with-linker-hash-style=gnu --enable-plugin --enable-initfini-array --disable-libgcj --with-default-libstdcxx-abi=c++98 --with-isl --enable-libmpx --enable-gnu-indirect-function --with-tune=generic --with-arch_32=i686 --build=x86_64-redhat-linux]
  ignore line: [Thread model: posix]
  ignore line: [gcc version 5.1.1 20150618 (Red Hat 5.1.1-4) (GCC) ]
  ignore line: [COMPILER_PATH=/usr/libexec/gcc/x86_64-redhat-linux/5.1.1/:/usr/libexec/gcc/x86_64-redhat-linux/5.1.1/:/usr/libexec/gcc/x86_64-redhat-linux/:/usr/lib/gcc/x86_64-redhat-linux/5.1.1/:/usr/lib/gcc/x86_64-redhat-linux/]
  ignore line: [LIBRARY_PATH=/usr/lib/gcc/x86_64-redhat-linux/5.1.1/:/usr/lib/gcc/x86_64-redhat-linux/5.1.1/../../../../lib64/:/lib/../lib64/:/usr/lib/../lib64/:/usr/lib/gcc/x86_64-redhat-linux/5.1.1/../../../:/lib/:/usr/lib/]
  ignore line: [COLLECT_GCC_OPTIONS='-v' '-o' 'cmTC_9f3dc' '-rdynamic' '-shared-libgcc' '-mtune=generic' '-march=x86-64']
  link line: [ /usr/libexec/gcc/x86_64-redhat-linux/5.1.1/collect2 -plugin /usr/libexec/gcc/x86_64-redhat-linux/5.1.1/liblto_plugin.so -plugin-opt=/usr/libexec/gcc/x86_64-redhat-linux/5.1.1/lto-wrapper -plugin-opt=-fresolution=/tmp/ccGLGeEh.res -plugin-opt=-pass-through=-lgcc_s -plugin-opt=-pass-through=-lgcc -plugin-opt=-pass-through=-lc -plugin-opt=-pass-through=-lgcc_s -plugin-opt=-pass-through=-lgcc --build-id --no-add-needed --eh-frame-hdr --hash-style=gnu -m elf_x86_64 -export-dynamic -dynamic-linker /lib64/ld-linux-x86-64.so.2 -o cmTC_9f3dc /usr/lib/gcc/x86_64-redhat-linux/5.1.1/../../../../lib64/crt1.o /usr/lib/gcc/x86_64-redhat-linux/5.1.1/../../../../lib64/crti.o /usr/lib/gcc/x86_64-redhat-linux/5.1.1/crtbegin.o -L/usr/lib/gcc/x86_64-redhat-linux/5.1.1 -L/usr/lib/gcc/x86_64-redhat-linux/5.1.1/../../../../lib64 -L/lib/../lib64 -L/usr/lib/../lib64 -L/usr/lib/gcc/x86_64-redhat-linux/5.1.1/../../.. CMakeFiles/cmTC_9f3dc.dir/CMakeCXXCompilerABI.cpp.o -lstdc++ -lm -lgcc_s -lgcc -lc -lgcc_s -lgcc /usr/lib/gcc/x86_64-redhat-linux/5.1.1/crtend.o /usr/lib/gcc/x86_64-redhat-linux/5.1.1/../../../../lib64/crtn.o]
    arg [/usr/libexec/gcc/x86_64-redhat-linux/5.1.1/collect2] ==> ignore
    arg [-plugin] ==> ignore
    arg [/usr/libexec/gcc/x86_64-redhat-linux/5.1.1/liblto_plugin.so] ==> ignore
    arg [-plugin-opt=/usr/libexec/gcc/x86_64-redhat-linux/5.1.1/lto-wrapper] ==> ignore
    arg [-plugin-opt=-fresolution=/tmp/ccGLGeEh.res] ==> ignore
    arg [-plugin-opt=-pass-through=-lgcc_s] ==> ignore
    arg [-plugin-opt=-pass-through=-lgcc] ==> ignore
    arg [-plugin-opt=-pass-through=-lc] ==> ignore
    arg [-plugin-opt=-pass-through=-lgcc_s] ==> ignore
    arg [-plugin-opt=-pass-through=-lgcc] ==> ignore
    arg [--build-id] ==> ignore
    arg [--no-add-needed] ==> ignore
    arg [--eh-frame-hdr] ==> ignore
    arg [--hash-style=gnu] ==> ignore
    arg [-m] ==> ignore
    arg [elf_x86_64] ==> ignore
    arg [-export-dynamic] ==> ignore
    arg [-dynamic-linker] ==> ignore
    arg [/lib64/ld-linux-x86-64.so.2] ==> ignore
    arg [-o] ==> ignore
    arg [cmTC_9f3dc] ==> ignore
    arg [/usr/lib/gcc/x86_64-redhat-linux/5.1.1/../../../../lib64/crt1.o] ==> ignore
    arg [/usr/lib/gcc/x86_64-redhat-linux/5.1.1/../../../../lib64/crti.o] ==> ignore
    arg [/usr/lib/gcc/x86_64-redhat-linux/5.1.1/crtbegin.o] ==> ignore
    arg [-L/usr/lib/gcc/x86_64-redhat-linux/5.1.1] ==> dir [/usr/lib/gcc/x86_64-redhat-linux/5.1.1]
    arg [-L/usr/lib/gcc/x86_64-redhat-linux/5.1.1/../../../../lib64] ==> dir [/usr/lib/gcc/x86_64-redhat-linux/5.1.1/../../../../lib64]
    arg [-L/lib/../lib64] ==> dir [/lib/../lib64]
    arg [-L/usr/lib/../lib64] ==> dir [/usr/lib/../lib64]
    arg [-L/usr/lib/gcc/x86_64-redhat-linux/5.1.1/../../..] ==> dir [/usr/lib/gcc/x86_64-redhat-linux/5.1.1/../../..]
    arg [CMakeFiles/cmTC_9f3dc.dir/CMakeCXXCompilerABI.cpp.o] ==> ignore
    arg [-lstdc++] ==> lib [stdc++]
    arg [-lm] ==> lib [m]
    arg [-lgcc_s] ==> lib [gcc_s]
    arg [-lgcc] ==> lib [gcc]
    arg [-lc] ==> lib [c]
    arg [-lgcc_s] ==> lib [gcc_s]
    arg [-lgcc] ==> lib [gcc]
    arg [/usr/lib/gcc/x86_64-redhat-linux/5.1.1/crtend.o] ==> ignore
    arg [/usr/lib/gcc/x86_64-redhat-linux/5.1.1/../../../../lib64/crtn.o] ==> ignore
  remove lib [gcc_s]
  remove lib [gcc]
  remove lib [gcc_s]
  remove lib [gcc]
  collapse library dir [/usr/lib/gcc/x86_64-redhat-linux/5.1.1] ==> [/usr/lib/gcc/x86_64-redhat-linux/5.1.1]
  collapse library dir [/usr/lib/gcc/x86_64-redhat-linux/5.1.1/../../../../lib64] ==> [/usr/lib64]
  collapse library dir [/lib/../lib64] ==> [/lib64]
  collapse library dir [/usr/lib/../lib64] ==> [/usr/lib64]
  collapse library dir [/usr/lib/gcc/x86_64-redhat-linux/5.1.1/../../..] ==> [/usr/lib]
  implicit libs: [stdc++;m;c]
  implicit dirs: [/usr/lib/gcc/x86_64-redhat-linux/5.1.1;/usr/lib64;/lib64;/usr/lib]
  implicit fwks: []




Detecting CXX [-std=c++14] compiler features compiled with the following output:
Change Dir: /home/zach/Documents/15462/asst3_pathtracer/build/CMakeFiles/CMakeTmp

Run Build Command:"/usr/bin/gmake" "cmTC_b08fd/fast"
/usr/bin/gmake -f CMakeFiles/cmTC_b08fd.dir/build.make CMakeFiles/cmTC_b08fd.dir/build
gmake[1]: Entering directory '/media/Documents/15462/asst3_pathtracer/build/CMakeFiles/CMakeTmp'
Building CXX object CMakeFiles/cmTC_b08fd.dir/feature_tests.cxx.o
/usr/bin/c++    -std=c++14 -o CMakeFiles/cmTC_b08fd.dir/feature_tests.cxx.o -c /home/zach/Documents/15462/asst3_pathtracer/build/CMakeFiles/feature_tests.cxx
Linking CXX executable cmTC_b08fd
/usr/bin/cmake -E cmake_link_script CMakeFiles/cmTC_b08fd.dir/link.txt --verbose=1
/usr/bin/c++        CMakeFiles/cmTC_b08fd.dir/feature_tests.cxx.o  -o cmTC_b08fd -rdynamic 
gmake[1]: Leaving directory '/media/Documents/15462/asst3_pathtracer/build/CMakeFiles/CMakeTmp'


    Feature record: CXX_FEATURE:1cxx_aggregate_default_initializers
    Feature record: CXX_FEATURE:1cxx_alias_templates
    Feature record: CXX_FEATURE:1cxx_alignas
    Feature record: CXX_FEATURE:1cxx_alignof
    Feature record: CXX_FEATURE:1cxx_attributes
    Feature record: CXX_FEATURE:1cxx_attribute_deprecated
    Feature record: CXX_FEATURE:1cxx_auto_type
    Feature record: CXX_FEATURE:1cxx_binary_literals
    Feature record: CXX_FEATURE:1cxx_constexpr
    Feature record: CXX_FEATURE:1cxx_contextual_conversions
    Feature record: CXX_FEATURE:1cxx_decltype
    Feature record: CXX_FEATURE:1cxx_decltype_auto
    Feature record: CXX_FEATURE:1cxx_decltype_incomplete_return_types
    Feature record: CXX_FEATURE:1cxx_default_function_template_args
    Feature record: CXX_FEATURE:1cxx_defaulted_functions
    Feature record: CXX_FEATURE:1cxx_defaulted_move_initializers
    Feature record: CXX_FEATURE:1cxx_delegating_constructors
    Feature record: CXX_FEATURE:1cxx_deleted_functions
    Feature record: CXX_FEATURE:1cxx_digit_separators
    Feature record: CXX_FEATURE:1cxx_enum_forward_declarations
    Feature record: CXX_FEATURE:1cxx_explicit_conversions
    Feature record: CXX_FEATURE:1cxx_extended_friend_declarations
    Feature record: CXX_FEATURE:1cxx_extern_templates
    Feature record: CXX_FEATURE:1cxx_final
    Feature record: CXX_FEATURE:1cxx_func_identifier
    Feature record: CXX_FEATURE:1cxx_generalized_initializers
    Feature record: CXX_FEATURE:1cxx_generic_lambdas
    Feature record: CXX_FEATURE:1cxx_inheriting_constructors
    Feature record: CXX_FEATURE:1cxx_inline_namespaces
    Feature record: CXX_FEATURE:1cxx_lambdas
    Feature record: CXX_FEATURE:1cxx_lambda_init_captures
    Feature record: CXX_FEATURE:1cxx_local_type_template_args
    Feature record: CXX_FEATURE:1cxx_long_long_type
    Feature record: CXX_FEATURE:1cxx_noexcept
    Feature record: CXX_FEATURE:1cxx_nonstatic_member_init
    Feature record: CXX_FEATURE:1cxx_nullptr
    Feature record: CXX_FEATURE:1cxx_override
    Feature record: CXX_FEATURE:1cxx_range_for
    Feature record: CXX_FEATURE:1cxx_raw_string_literals
    Feature record: CXX_FEATURE:1cxx_reference_qualified_functions
    Feature record: CXX_FEATURE:1cxx_relaxed_constexpr
    Feature record: CXX_FEATURE:1cxx_return_type_deduction
    Feature record: CXX_FEATURE:1cxx_right_angle_brackets
    Feature record: CXX_FEATURE:1cxx_rvalue_references
    Feature record: CXX_FEATURE:1cxx_sizeof_member
    Feature record: CXX_FEATURE:1cxx_static_assert
    Feature record: CXX_FEATURE:1cxx_strong_enums
    Feature record: CXX_FEATURE:1cxx_template_template_parameters
    Feature record: CXX_FEATURE:1cxx_thread_local
    Feature record: CXX_FEATURE:1cxx_trailing_return_types
    Feature record: CXX_FEATURE:1cxx_unicode_literals
    Feature record: CXX_FEATURE:1cxx_uniform_initialization
    Feature record: CXX_FEATURE:1cxx_unrestricted_unions
    Feature record: CXX_FEATURE:1cxx_user_literals
    Feature record: CXX_FEATURE:1cxx_variable_templates
    Feature record: CXX_FEATURE:1cxx_variadic_macros
    Feature record: CXX_FEATURE:1cxx_variadic_templates


Detecting CXX [-std=c++11] compiler features compiled with the following output:
Change Dir: /home/zach/Documents/15462/asst3_pathtracer/build/CMakeFiles/CMakeTmp

Run Build Command:"/usr/bin/gmake" "cmTC_05ca3/fast"
/usr/bin/gmake -f CMakeFiles/cmTC_05ca3.dir/build.make CMakeFiles/cmTC_05ca3.dir/build
gmake[1]: Entering directory '/media/Documents/15462/asst3_pathtracer/build/CMakeFiles/CMakeTmp'
Building CXX object CMakeFiles/cmTC_05ca3.dir/feature_tests.cxx.o
/usr/bin/c++    -std=c++11 -o CMakeFiles/cmTC_05ca3.dir/feature_tests.cxx.o -c /home/zach/Documents/15462/asst3_pathtracer/build/CMakeFiles/feature_tests.cxx
Linking CXX executable cmTC_05ca3
/usr/bin/cmake -E cmake_link_script CMakeFiles/cmTC_05ca3.dir/link.txt --verbose=1
/usr/bin/c++        CMakeFiles/cmTC_05ca3.dir/feature_tests.cxx.o  -o cmTC_05ca3 -rdynamic 
gmake[1]: Leaving directory '/media/Documents/15462/asst3_pathtracer/build/CMakeFiles/CMakeTmp'


    Feature record: CXX_FEATURE:0cxx_aggregate_default_initializers
    Feature record: CXX_FEATURE:1cxx_alias_templates
    Feature record: CXX_FEATURE:1cxx_alignas
    Feature record: CXX_FEATURE:1cxx_alignof
    Feature record: CXX_FEATURE:1cxx_attributes
    Feature record: CXX_FEATURE:0cxx_attribute_deprecated
    Feature record: CXX_FEATURE:1cxx_auto_type
    Feature record: CXX_FEATURE:0cxx_binary_literals
    Feature record: CXX_FEATURE:1cxx_constexpr
    Feature record: CXX_FEATURE:0cxx_contextual_conversions
    Feature record: CXX_FEATURE:1cxx_decltype
    Feature record: CXX_FEATURE:0cxx_decltype_auto
    Feature record: CXX_FEATURE:1cxx_decltype_incomplete_return_types
    Feature record: CXX_FEATURE:1cxx_default_function_template_args
    Feature record: CXX_FEATURE:1cxx_defaulted_functions
    Feature record: CXX_FEATURE:1cxx_defaulted_move_initializers
    Feature record: CXX_FEATURE:1cxx_delegating_constructors
    Feature record: CXX_FEATURE:1cxx_deleted_functions
    Feature record: CXX_FEATURE:0cxx_digit_separators
    Feature record: CXX_FEATURE:1cxx_enum_forward_declarations
    Feature record: CXX_FEATURE:1cxx_explicit_conversions
    Feature record: CXX_FEATURE:1cxx_extended_friend_declarations
    Feature record: CXX_FEATURE:1cxx_extern_templates
    Feature record: CXX_FEATURE:1cxx_final
    Feature record: CXX_FEATURE:1cxx_func_identifier
    Feature record: CXX_FEATURE:1cxx_generalized_initializers
    Feature record: CXX_FEATURE:0cxx_generic_lambdas
    Feature record: CXX_FEATURE:1cxx_inheriting_constructors
    Feature record: CXX_FEATURE:1cxx_inline_namespaces
    Feature record: CXX_FEATURE:1cxx_lambdas
    Feature record: CXX_FEATURE:0cxx_lambda_init_captures
    Feature record: CXX_FEATURE:1cxx_local_type_template_args
    Feature record: CXX_FEATURE:1cxx_long_long_type
    Feature record: CXX_FEATURE:1cxx_noexcept
    Feature record: CXX_FEATURE:1cxx_nonstatic_member_init
    Feature record: CXX_FEATURE:1cxx_nullptr
    Feature record: CXX_FEATURE:1cxx_override
    Feature record: CXX_FEATURE:1cxx_range_for
    Feature record: CXX_FEATURE:1cxx_raw_string_literals
    Feature record: CXX_FEATURE:1cxx_reference_qualified_functions
    Feature record: CXX_FEATURE:0cxx_relaxed_constexpr
    Feature record: CXX_FEATURE:0cxx_return_type_deduction
    Feature record: CXX_FEATURE:1cxx_right_angle_brackets
    Feature record: CXX_FEATURE:1cxx_rvalue_references
    Feature record: CXX_FEATURE:1cxx_sizeof_member
    Feature record: CXX_FEATURE:1cxx_static_assert
    Feature record: CXX_FEATURE:1cxx_strong_enums
    Feature record: CXX_FEATURE:1cxx_template_template_parameters
    Feature record: CXX_FEATURE:1cxx_thread_local
    Feature record: CXX_FEATURE:1cxx_trailing_return_types
    Feature record: CXX_FEATURE:1cxx_unicode_literals
    Feature record: CXX_FEATURE:1cxx_uniform_initialization
    Feature record: CXX_FEATURE:1cxx_unrestricted_unions
    Feature record: CXX_FEATURE:1cxx_user_literals
    Feature record: CXX_FEATURE:0cxx_variable_templates
    Feature record: CXX_FEATURE:1cxx_variadic_macros
    Feature record: CXX_FEATURE:1cxx_variadic_templates


Detecting CXX [-std=c++98] compiler features compiled with the following output:
Change Dir: /home/zach/Documents/15462/asst3_pathtracer/build/CMakeFiles/CMakeTmp

Run Build Command:"/usr/bin/gmake" "cmTC_65fa5/fast"
/usr/bin/gmake -f CMakeFiles/cmTC_65fa5.dir/build.make CMakeFiles/cmTC_65fa5.dir/build
gmake[1]: Entering directory '/media/Documents/15462/asst3_pathtracer/build/CMakeFiles/CMakeTmp'
Building CXX object CMakeFiles/cmTC_65fa5.dir/feature_tests.cxx.o
/usr/bin/c++    -std=c++98 -o CMakeFiles/cmTC_65fa5.dir/feature_tests.cxx.o -c /home/zach/Documents/15462/asst3_pathtracer/build/CMakeFiles/feature_tests.cxx
Linking CXX executable cmTC_65fa5
/usr/bin/cmake -E cmake_link_script CMakeFiles/cmTC_65fa5.dir/link.txt --verbose=1
/usr/bin/c++        CMakeFiles/cmTC_65fa5.dir/feature_tests.cxx.o  -o cmTC_65fa5 -rdynamic 
gmake[1]: Leaving directory '/media/Documents/15462/asst3_pathtracer/build/CMakeFiles/CMakeTmp'


    Feature record: CXX_FEATURE:0cxx_aggregate_default_initializers
    Feature record: CXX_FEATURE:0cxx_alias_templates
    Feature record: CXX_FEATURE:0cxx_alignas
    Feature record: CXX_FEATURE:0cxx_alignof
    Feature record: CXX_FEATURE:0cxx_attributes
    Feature record: CXX_FEATURE:0cxx_attribute_deprecated
    Feature record: CXX_FEATURE:0cxx_auto_type
    Feature record: CXX_FEATURE:0cxx_binary_literals
    Feature record: CXX_FEATURE:0cxx_constexpr
    Feature record: CXX_FEATURE:0cxx_contextual_conversions
    Feature record: CXX_FEATURE:0cxx_decltype
    Feature record: CXX_FEATURE:0cxx_decltype_auto
    Feature record: CXX_FEATURE:0cxx_decltype_incomplete_return_types
    Feature record: CXX_FEATURE:0cxx_default_function_template_args
    Feature record: CXX_FEATURE:0cxx_defaulted_functions
    Feature record: CXX_FEATURE:0cxx_defaulted_move_initializers
    Feature record: CXX_FEATURE:0cxx_delegating_constructors
    Feature record: CXX_FEATURE:0cxx_deleted_functions
    Feature record: CXX_FEATURE:0cxx_digit_separators
    Feature record: CXX_FEATURE:0cxx_enum_forward_declarations
    Feature record: CXX_FEATURE:0cxx_explicit_conversions
    Feature record: CXX_FEATURE:0cxx_extended_friend_declarations
    Feature record: CXX_FEATURE:0cxx_extern_templates
    Feature record: CXX_FEATURE:0cxx_final
    Feature record: CXX_FEATURE:0cxx_func_identifier
    Feature record: CXX_FEATURE:0cxx_generalized_initializers
    Feature record: CXX_FEATURE:0cxx_generic_lambdas
    Feature record: CXX_FEATURE:0cxx_inheriting_constructors
    Feature record: CXX_FEATURE:0cxx_inline_namespaces
    Feature record: CXX_FEATURE:0cxx_lambdas
    Feature record: CXX_FEATURE:0cxx_lambda_init_captures
    Feature record: CXX_FEATURE:0cxx_local_type_template_args
    Feature record: CXX_FEATURE:0cxx_long_long_type
    Feature record: CXX_FEATURE:0cxx_noexcept
    Feature record: CXX_FEATURE:0cxx_nonstatic_member_init
    Feature record: CXX_FEATURE:0cxx_nullptr
    Feature record: CXX_FEATURE:0cxx_override
    Feature record: CXX_FEATURE:0cxx_range_for
    Feature record: CXX_FEATURE:0cxx_raw_string_literals
    Feature record: CXX_FEATURE:0cxx_reference_qualified_functions
    Feature record: CXX_FEATURE:0cxx_relaxed_constexpr
    Feature record: CXX_FEATURE:0cxx_return_type_deduction
    Feature record: CXX_FEATURE:0cxx_right_angle_brackets
    Feature record: CXX_FEATURE:0cxx_rvalue_references
    Feature record: CXX_FEATURE:0cxx_sizeof_member
    Feature record: CXX_FEATURE:0cxx_static_assert
    Feature record: CXX_FEATURE:0cxx_strong_enums
    Feature record: CXX_FEATURE:1cxx_template_template_parameters
    Feature record: CXX_FEATURE:0cxx_thread_local
    Feature record: CXX_FEATURE:0cxx_trailing_return_types
    Feature record: CXX_FEATURE:0cxx_unicode_literals
    Feature record: CXX_FEATURE:0cxx_uniform_initialization
    Feature record: CXX_FEATURE:0cxx_unrestricted_unions
    Feature record: CXX_FEATURE:0cxx_user_literals
    Feature record: CXX_FEATURE:0cxx_variable_templates
    Feature record: CXX_FEATURE:0cxx_variadic_macros
    Feature record: CXX_FEATURE:0cxx_variadic_templates
Determining if files pthread.h exist passed with the following output:
Change Dir: /home/zach/Documents/15462/asst3_pathtracer/build/CMakeFiles/CMakeTmp

Run Build Command:"/usr/bin/gmake" "cmTC_d3132/fast"
/usr/bin/gmake -f CMakeFiles/cmTC_d3132.dir/build.make CMakeFiles/cmTC_d3132.dir/build
gmake[1]: Entering directory '/media/Documents/15462/asst3_pathtracer/build/CMakeFiles/CMakeTmp'
Building C object CMakeFiles/cmTC_d3132.dir/CheckIncludeFiles.c.o
/usr/bin/cc    -o CMakeFiles/cmTC_d3132.dir/CheckIncludeFiles.c.o   -c /home/zach/Documents/15462/asst3_pathtracer/build/CMakeFiles/CMakeTmp/CheckIncludeFiles.c
Linking C executable cmTC_d3132
/usr/bin/cmake -E cmake_link_script CMakeFiles/cmTC_d3132.dir/link.txt --verbose=1
/usr/bin/cc       CMakeFiles/cmTC_d3132.dir/CheckIncludeFiles.c.o  -o cmTC_d3132 -rdynamic 
gmake[1]: Leaving directory '/media/Documents/15462/asst3_pathtracer/build/CMakeFiles/CMakeTmp'


Determining if the function pthread_create exists in the pthread passed with the following output:
Change Dir: /home/zach/Documents/15462/asst3_pathtracer/build/CMakeFiles/CMakeTmp

Run Build Command:"/usr/bin/gmake" "cmTC_b379a/fast"
/usr/bin/gmake -f CMakeFiles/cmTC_b379a.dir/build.make CMakeFiles/cmTC_b379a.dir/build
gmake[1]: Entering directory '/media/Documents/15462/asst3_pathtracer/build/CMakeFiles/CMakeTmp'
Building C object CMakeFiles/cmTC_b379a.dir/CheckFunctionExists.c.o
/usr/bin/cc   -DCHECK_FUNCTION_EXISTS=pthread_create   -o CMakeFiles/cmTC_b379a.dir/CheckFunctionExists.c.o   -c /usr/share/cmake/Modules/CheckFunctionExists.c
Linking C executable cmTC_b379a
/usr/bin/cmake -E cmake_link_script CMakeFiles/cmTC_b379a.dir/link.txt --verbose=1
/usr/bin/cc   -DCHECK_FUNCTION_EXISTS=pthread_create    CMakeFiles/cmTC_b379a.dir/CheckFunctionExists.c.o  -o cmTC_b379a -rdynamic -lpthread 
gmake[1]: Leaving directory '/media/Documents/15462/asst3_pathtracer/build/CMakeFiles/CMakeTmp'


Determining if the function XOpenDisplay exists in the /usr/lib64/libX11.so;/usr/lib64/libXext.so passed with the following output:
Change Dir: /home/zach/Documents/15462/asst3_pathtracer/build/CMakeFiles/CMakeTmp

Run Build Command:"/usr/bin/gmake" "cmTC_f8e70/fast"
/usr/bin/gmake -f CMakeFiles/cmTC_f8e70.dir/build.make CMakeFiles/cmTC_f8e70.dir/build
gmake[1]: Entering directory '/media/Documents/15462/asst3_pathtracer/build/CMakeFiles/CMakeTmp'
Building C object CMakeFiles/cmTC_f8e70.dir/CheckFunctionExists.c.o
/usr/bin/cc   -DCHECK_FUNCTION_EXISTS=XOpenDisplay   -o CMakeFiles/cmTC_f8e70.dir/CheckFunctionExists.c.o   -c /usr/share/cmake/Modules/CheckFunctionExists.c
Linking C executable cmTC_f8e70
/usr/bin/cmake -E cmake_link_script CMakeFiles/cmTC_f8e70.dir/link.txt --verbose=1
/usr/bin/cc   -DCHECK_FUNCTION_EXISTS=XOpenDisplay    CMakeFiles/cmTC_f8e70.dir/CheckFunctionExists.c.o  -o cmTC_f8e70 -rdynamic /usr/lib64/libX11.so /usr/lib64/libXext.so 
gmake[1]: Leaving directory '/media/Documents/15462/asst3_pathtracer/build/CMakeFiles/CMakeTmp'


Determining if the function gethostbyname exists passed with the following output:
Change Dir: /home/zach/Documents/15462/asst3_pathtracer/build/CMakeFiles/CMakeTmp

Run Build Command:"/usr/bin/gmake" "cmTC_74ea7/fast"
/usr/bin/gmake -f CMakeFiles/cmTC_74ea7.dir/build.make CMakeFiles/cmTC_74ea7.dir/build
gmake[1]: Entering directory '/media/Documents/15462/asst3_pathtracer/build/CMakeFiles/CMakeTmp'
Building C object CMakeFiles/cmTC_74ea7.dir/CheckFunctionExists.c.o
/usr/bin/cc   -DCHECK_FUNCTION_EXISTS=gethostbyname   -o CMakeFiles/cmTC_74ea7.dir/CheckFunctionExists.c.o   -c /usr/share/cmake/Modules/CheckFunctionExists.c
Linking C executable cmTC_74ea7
/usr/bin/cmake -E cmake_link_script CMakeFiles/cmTC_74ea7.dir/link.txt --verbose=1
/usr/bin/cc   -DCHECK_FUNCTION_EXISTS=gethostbyname    CMakeFiles/cmTC_74ea7.dir/CheckFunctionExists.c.o  -o cmTC_74ea7 -rdynamic 
gmake[1]: Leaving directory '/media/Documents/15462/asst3_pathtracer/build/CMakeFiles/CMakeTmp'


Determining if the function connect exists passed with the following output:
Change Dir: /home/zach/Documents/15462/asst3_pathtracer/build/CMakeFiles/CMakeTmp

Run Build Command:"/usr/bin/gmake" "cmTC_2fc1e/fast"
/usr/bin/gmake -f CMakeFiles/cmTC_2fc1e.dir/build.make CMakeFiles/cmTC_2fc1e.dir/build
gmake[1]: Entering directory '/media/Documents/15462/asst3_pathtracer/build/CMakeFiles/CMakeTmp'
Building C object CMakeFiles/cmTC_2fc1e.dir/CheckFunctionExists.c.o
/usr/bin/cc   -DCHECK_FUNCTION_EXISTS=connect   -o CMakeFiles/cmTC_2fc1e.dir/CheckFunctionExists.c.o   -c /usr/share/cmake/Modules/CheckFunctionExists.c
Linking C executable cmTC_2fc1e
/usr/bin/cmake -E cmake_link_script CMakeFiles/cmTC_2fc1e.dir/link.txt --verbose=1
/usr/bin/cc   -DCHECK_FUNCTION_EXISTS=connect    CMakeFiles/cmTC_2fc1e.dir/CheckFunctionExists.c.o  -o cmTC_2fc1e -rdynamic 
gmake[1]: Leaving directory '/media/Documents/15462/asst3_pathtracer/build/CMakeFiles/CMakeTmp'


Determining if the function remove exists passed with the following output:
Change Dir: /home/zach/Documents/15462/asst3_pathtracer/build/CMakeFiles/CMakeTmp

Run Build Command:"/usr/bin/gmake" "cmTC_6a5c7/fast"
/usr/bin/gmake -f CMakeFiles/cmTC_6a5c7.dir/build.make CMakeFiles/cmTC_6a5c7.dir/build
gmake[1]: Entering directory '/media/Documents/15462/asst3_pathtracer/build/CMakeFiles/CMakeTmp'
Building C object CMakeFiles/cmTC_6a5c7.dir/CheckFunctionExists.c.o
/usr/bin/cc   -DCHECK_FUNCTION_EXISTS=remove   -o CMakeFiles/cmTC_6a5c7.dir/CheckFunctionExists.c.o   -c /usr/share/cmake/Modules/CheckFunctionExists.c
Linking C executable cmTC_6a5c7
/usr/bin/cmake -E cmake_link_script CMakeFiles/cmTC_6a5c7.dir/link.txt --verbose=1
/usr/bin/cc   -DCHECK_FUNCTION_EXISTS=remove    CMakeFiles/cmTC_6a5c7.dir/CheckFunctionExists.c.o  -o cmTC_6a5c7 -rdynamic 
gmake[1]: Leaving directory '/media/Documents/15462/asst3_pathtracer/build/CMakeFiles/CMakeTmp'


Determining if the function shmat exists passed with the following output:
Change Dir: /home/zach/Documents/15462/asst3_pathtracer/build/CMakeFiles/CMakeTmp

Run Build Command:"/usr/bin/gmake" "cmTC_4da51/fast"
/usr/bin/gmake -f CMakeFiles/cmTC_4da51.dir/build.make CMakeFiles/cmTC_4da51.dir/build
gmake[1]: Entering directory '/media/Documents/15462/asst3_pathtracer/build/CMakeFiles/CMakeTmp'
Building C object CMakeFiles/cmTC_4da51.dir/CheckFunctionExists.c.o
/usr/bin/cc   -DCHECK_FUNCTION_EXISTS=shmat   -o CMakeFiles/cmTC_4da51.dir/CheckFunctionExists.c.o   -c /usr/share/cmake/Modules/CheckFunctionExists.c
Linking C executable cmTC_4da51
/usr/bin/cmake -E cmake_link_script CMakeFiles/cmTC_4da51.dir/link.txt --verbose=1
/usr/bin/cc   -DCHECK_FUNCTION_EXISTS=shmat    CMakeFiles/cmTC_4da51.dir/CheckFunctionExists.c.o  -o cmTC_4da51 -rdynamic 
gmake[1]: Leaving directory '/media/Documents/15462/asst3_pathtracer/build/CMakeFiles/CMakeTmp'


Determining if the function glXGetProcAddress exists passed with the following output:
Change Dir: /home/zach/Documents/15462/asst3_pathtracer/build/CMakeFiles/CMakeTmp

Run Build Command:"/usr/bin/gmake" "cmTC_c1358/fast"
/usr/bin/gmake -f CMakeFiles/cmTC_c1358.dir/build.make CMakeFiles/cmTC_c1358.dir/build
gmake[1]: Entering directory '/media/Documents/15462/asst3_pathtracer/build/CMakeFiles/CMakeTmp'
Building C object CMakeFiles/cmTC_c1358.dir/CheckFunctionExists.c.o
/usr/bin/cc   -DCHECK_FUNCTION_EXISTS=glXGetProcAddress   -o CMakeFiles/cmTC_c1358.dir/CheckFunctionExists.c.o   -c /usr/share/cmake/Modules/CheckFunctionExists.c
Linking C executable cmTC_c1358
/usr/bin/cmake -E cmake_link_script CMakeFiles/cmTC_c1358.dir/link.txt --verbose=1
/usr/bin/cc   -DCHECK_FUNCTION_EXISTS=glXGetProcAddress    CMakeFiles/cmTC_c1358.dir/CheckFunctionExists.c.o  -o cmTC_c1358 -rdynamic /usr/lib64/libGL.so 
gmake[1]: Leaving directory '/media/Documents/15462/asst3_pathtracer/build/CMakeFiles/CMakeTmp'


Determining if the function glXGetProcAddressARB exists passed with the following output:
Change Dir: /home/zach/Documents/15462/asst3_pathtracer/build/CMakeFiles/CMakeTmp

Run Build Command:"/usr/bin/gmake" "cmTC_fa193/fast"
/usr/bin/gmake -f CMakeFiles/cmTC_fa193.dir/build.make CMakeFiles/cmTC_fa193.dir/build
gmake[1]: Entering directory '/media/Documents/15462/asst3_pathtracer/build/CMakeFiles/CMakeTmp'
Building C object CMakeFiles/cmTC_fa193.dir/CheckFunctionExists.c.o
/usr/bin/cc   -DCHECK_FUNCTION_EXISTS=glXGetProcAddressARB   -o CMakeFiles/cmTC_fa193.dir/CheckFunctionExists.c.o   -c /usr/share/cmake/Modules/CheckFunctionExists.c
Linking C executable cmTC_fa193
/usr/bin/cmake -E cmake_link_script CMakeFiles/cmTC_fa193.dir/link.txt --verbose=1
/usr/bin/cc   -DCHECK_FUNCTION_EXISTS=glXGetProcAddressARB    CMakeFiles/cmTC_fa193.dir/CheckFunctionExists.c.o  -o cmTC_fa193 -rdynamic /usr/lib64/libGL.so 
gmake[1]: Leaving directory '/media/Documents/15462/asst3_pathtracer/build/CMakeFiles/CMakeTmp'


